c:\users\aseev_av\documents\visual studio 2017\projects\rlgm\rlgm\x64\release\rlgm.pch
c:\users\aseev_av\documents\visual studio 2017\projects\rlgm\rlgm\x64\release\vc141.pdb
c:\users\aseev_av\documents\visual studio 2017\projects\rlgm\rlgm\x64\release\stdafx.obj
c:\users\aseev_av\documents\visual studio 2017\projects\rlgm\rlgm\x64\release\view.obj
c:\users\aseev_av\documents\visual studio 2017\projects\rlgm\rlgm\x64\release\_temp.obj
c:\users\aseev_av\documents\visual studio 2017\projects\rlgm\rlgm\x64\release\radar.obj
c:\users\aseev_av\documents\visual studio 2017\projects\rlgm\rlgm\x64\release\interface.obj
c:\users\aseev_av\documents\visual studio 2017\projects\rlgm\rlgm\x64\release\help.obj
c:\users\aseev_av\documents\visual studio 2017\projects\rlgm\x64\release\rlgm.dll
c:\users\aseev_av\documents\visual studio 2017\projects\rlgm\x64\release\rlgm.pdb
c:\users\aseev_av\documents\visual studio 2017\projects\rlgm\x64\release\rlgm.lib
c:\users\aseev_av\documents\visual studio 2017\projects\rlgm\x64\release\rlgm.exp
c:\users\aseev_av\documents\visual studio 2017\projects\rlgm\x64\release\rlgm.ipdb
c:\users\aseev_av\documents\visual studio 2017\projects\rlgm\x64\release\rlgm.iobj
c:\users\aseev_av\documents\visual studio 2017\projects\rlgm\x64\release\shader2bit.cso
c:\users\aseev_av\documents\visual studio 2017\projects\rlgm\x64\release\shader2bit_colorcorrection.cso
c:\users\aseev_av\documents\visual studio 2017\projects\rlgm\x64\release\shader2bit_final.cso
c:\users\aseev_av\documents\visual studio 2017\projects\rlgm\x64\release\shader2bit_unify.cso
c:\users\aseev_av\documents\visual studio 2017\projects\rlgm\x64\release\shader8bit.cso
c:\users\aseev_av\documents\visual studio 2017\projects\rlgm\x64\release\shader8bit_colorcorrection.cso
c:\users\aseev_av\documents\visual studio 2017\projects\rlgm\x64\release\shader8bit_final.cso
c:\users\aseev_av\documents\visual studio 2017\projects\rlgm\x64\release\shader8bit_unify.cso
c:\users\aseev_av\documents\visual studio 2017\projects\rlgm\x64\release\shadermap.cso
c:\users\aseev_av\documents\visual studio 2017\projects\rlgm\x64\release\shadertail.cso
c:\users\aseev_av\documents\visual studio 2017\projects\rlgm\x64\release\shadertailcalc.cso
c:\users\aseev_av\documents\visual studio 2017\projects\rlgm\x64\release\shadertail_colorcorrection.cso
c:\users\aseev_av\documents\visual studio 2017\projects\rlgm\x64\release\shadertail_final.cso
c:\users\aseev_av\documents\visual studio 2017\projects\rlgm\x64\release\shadertail_unify.cso
c:\users\aseev_av\documents\visual studio 2017\projects\rlgm\x64\release\vs_shader1.cso
c:\users\aseev_av\documents\visual studio 2017\projects\rlgm\rlgm\x64\release\rlgm.tlog\cl.command.1.tlog
c:\users\aseev_av\documents\visual studio 2017\projects\rlgm\rlgm\x64\release\rlgm.tlog\cl.read.1.tlog
c:\users\aseev_av\documents\visual studio 2017\projects\rlgm\rlgm\x64\release\rlgm.tlog\cl.write.1.tlog
c:\users\aseev_av\documents\visual studio 2017\projects\rlgm\rlgm\x64\release\rlgm.tlog\link.command.1.tlog
c:\users\aseev_av\documents\visual studio 2017\projects\rlgm\rlgm\x64\release\rlgm.tlog\link.read.1.tlog
c:\users\aseev_av\documents\visual studio 2017\projects\rlgm\rlgm\x64\release\rlgm.tlog\link.write.1.tlog
c:\users\aseev_av\documents\visual studio 2017\projects\rlgm\rlgm\x64\release\rlgm.tlog\rlgm.write.1u.tlog
