c:\users\aseev_av\documents\visual studio 2017\projects\rlgm\rlgm\x64\debug\rlgm.pch
c:\users\aseev_av\documents\visual studio 2017\projects\rlgm\rlgm\x64\debug\vc141.pdb
c:\users\aseev_av\documents\visual studio 2017\projects\rlgm\rlgm\x64\debug\vc141.idb
c:\users\aseev_av\documents\visual studio 2017\projects\rlgm\rlgm\x64\debug\stdafx.obj
c:\users\aseev_av\documents\visual studio 2017\projects\rlgm\rlgm\x64\debug\help.obj
c:\users\aseev_av\documents\visual studio 2017\projects\rlgm\rlgm\x64\debug\interface.obj
c:\users\aseev_av\documents\visual studio 2017\projects\rlgm\rlgm\x64\debug\radar.obj
c:\users\aseev_av\documents\visual studio 2017\projects\rlgm\rlgm\x64\debug\_temp.obj
c:\users\aseev_av\documents\visual studio 2017\projects\rlgm\rlgm\x64\debug\view.obj
c:\users\aseev_av\documents\visual studio 2017\projects\rlgm\x64\debug\shadermap.cso
c:\users\aseev_av\documents\visual studio 2017\projects\rlgm\x64\debug\vs_shader1.cso
c:\users\aseev_av\documents\visual studio 2017\projects\rlgm\x64\debug\shadertail.cso
c:\users\aseev_av\documents\visual studio 2017\projects\rlgm\x64\debug\shadertailcalc.cso
c:\users\aseev_av\documents\visual studio 2017\projects\rlgm\x64\debug\shader2bit_colorcorrection.cso
c:\users\aseev_av\documents\visual studio 2017\projects\rlgm\x64\debug\shader2bit_final.cso
c:\users\aseev_av\documents\visual studio 2017\projects\rlgm\x64\debug\shader8bit_colorcorrection.cso
c:\users\aseev_av\documents\visual studio 2017\projects\rlgm\x64\debug\shader8bit_final.cso
c:\users\aseev_av\documents\visual studio 2017\projects\rlgm\x64\debug\shadertail_colorcorrection.cso
c:\users\aseev_av\documents\visual studio 2017\projects\rlgm\x64\debug\shadertail_final.cso
c:\users\aseev_av\documents\visual studio 2017\projects\rlgm\x64\debug\shadertail_unify.cso
c:\users\aseev_av\documents\visual studio 2017\projects\rlgm\x64\debug\shader2bit.cso
c:\users\aseev_av\documents\visual studio 2017\projects\rlgm\x64\debug\shader2bit_unify.cso
c:\users\aseev_av\documents\visual studio 2017\projects\rlgm\x64\debug\shader8bit.cso
c:\users\aseev_av\documents\visual studio 2017\projects\rlgm\x64\debug\shader8bit_unify.cso
c:\users\aseev_av\documents\visual studio 2017\projects\rlgm\x64\debug\rlgm.ilk
c:\users\aseev_av\documents\visual studio 2017\projects\rlgm\x64\debug\rlgm.dll
c:\users\aseev_av\documents\visual studio 2017\projects\rlgm\x64\debug\rlgm.pdb
c:\users\aseev_av\documents\visual studio 2017\projects\rlgm\x64\debug\rlgm.lib
c:\users\aseev_av\documents\visual studio 2017\projects\rlgm\x64\debug\rlgm.exp
c:\users\aseev_av\documents\visual studio 2017\projects\rlgm\rlgm\x64\debug\rlgm.tlog\cl.command.1.tlog
c:\users\aseev_av\documents\visual studio 2017\projects\rlgm\rlgm\x64\debug\rlgm.tlog\cl.read.1.tlog
c:\users\aseev_av\documents\visual studio 2017\projects\rlgm\rlgm\x64\debug\rlgm.tlog\cl.write.1.tlog
c:\users\aseev_av\documents\visual studio 2017\projects\rlgm\rlgm\x64\debug\rlgm.tlog\fxc.command.1.tlog
c:\users\aseev_av\documents\visual studio 2017\projects\rlgm\rlgm\x64\debug\rlgm.tlog\fxc.read.1.tlog
c:\users\aseev_av\documents\visual studio 2017\projects\rlgm\rlgm\x64\debug\rlgm.tlog\fxc.write.1.tlog
c:\users\aseev_av\documents\visual studio 2017\projects\rlgm\rlgm\x64\debug\rlgm.tlog\link.command.1.tlog
c:\users\aseev_av\documents\visual studio 2017\projects\rlgm\rlgm\x64\debug\rlgm.tlog\link.read.1.tlog
c:\users\aseev_av\documents\visual studio 2017\projects\rlgm\rlgm\x64\debug\rlgm.tlog\link.write.1.tlog
c:\users\aseev_av\documents\visual studio 2017\projects\rlgm\rlgm\x64\debug\rlgm.tlog\rlgm.write.1u.tlog
